<?xml version="1.0" encoding="UTF-8"?>
<testng-results ignored="0" total="1" passed="1" failed="0" skipped="0">
  <reporter-output>
  </reporter-output>
  <suite started-at="2023-08-25T09:26:07 TRT" name="Default suite" finished-at="2023-08-25T09:26:17 TRT" duration-ms="10086">
    <groups>
      <group name="cucumber">
        <method signature="AbstractTestNGCucumberTests.runScenario(io.cucumber.testng.PickleWrapper,io.cucumber.testng.FeatureWrapper)[pri:0, instance:_0_1_RunnerGenel@6e2aa843]" name="runScenario" class="io.cucumber.testng.AbstractTestNGCucumberTests"/>
      </group> <!-- cucumber -->
    </groups>
    <test started-at="2023-08-25T09:26:07 TRT" name="Default test" finished-at="2023-08-25T09:26:17 TRT" duration-ms="10086">
      <class name="_0_1_RunnerGenel">
        <test-method is-config="true" signature="setUpClass(org.testng.ITestContext)[pri:0, instance:_0_1_RunnerGenel@6e2aa843]" started-at="2023-08-25T09:26:07 TRT" name="setUpClass" finished-at="2023-08-25T09:26:07 TRT" duration-ms="393" status="PASS">
          <params>
            <param index="0">
              <value>
                <![CDATA[org.testng.TestRunner@b5c6a30]]>
              </value>
            </param>
          </params>
          <reporter-output>
          </reporter-output>
        </test-method> <!-- setUpClass -->
        <test-method signature="runScenario(io.cucumber.testng.PickleWrapper,io.cucumber.testng.FeatureWrapper)[pri:0, instance:_0_1_RunnerGenel@6e2aa843]" started-at="2023-08-25T09:26:08 TRT" name="runScenario" description="Runs Cucumber Scenarios" data-provider="scenarios" finished-at="2023-08-25T09:26:17 TRT" duration-ms="9565" status="PASS">
          <params>
            <param index="0">
              <value>
                <![CDATA["Go to website and test Contact us Page"]]>
              </value>
            </param>
            <param index="1">
              <value>
                <![CDATA["Contact Us Test"]]>
              </value>
            </param>
          </params>
          <reporter-output>
          </reporter-output>
        </test-method> <!-- runScenario -->
        <test-method is-config="true" signature="tearDownClass()[pri:0, instance:_0_1_RunnerGenel@6e2aa843]" started-at="2023-08-25T09:26:17 TRT" name="tearDownClass" finished-at="2023-08-25T09:26:17 TRT" duration-ms="59" status="PASS">
          <reporter-output>
          </reporter-output>
        </test-method> <!-- tearDownClass -->
      </class> <!-- _0_1_RunnerGenel -->
    </test> <!-- Default test -->
  </suite> <!-- Default suite -->
</testng-results>
